# JRE version: OpenJDK Runtime Environment (11.0.11+9) (build 11.0.11+9-b60-7590822)
# Java VM: OpenJDK 64-Bit Server VM (11.0.11+9-b60-7590822, mixed mode, tiered, compressed oops, g1 gc, windows-amd64)
Heap:
 garbage-first heap   total 244736K, used 172460K [0x0000000080000000, 0x0000000100000000)
  region size 1024K, 21 young (21504K), 2 survivors (2048K)
 Metaspace       used 150508K, capacity 154146K, committed 154368K, reserved 1183744K
  class space    used 18557K, capacity 19906K, committed 19968K, reserved 1048576K
GC Heap History (20 events):
Event: 241.143 GC heap before
{Heap before GC invocations=108 (full 0):
 garbage-first heap   total 244736K, used 203018K [0x0000000080000000, 0x0000000100000000)
  region size 1024K, 18 young (18432K), 2 survivors (2048K)
 Metaspace       used 143544K, capacity 147188K, committed 147456K, reserved 1177600K
  class space    used 17778K, capacity 19111K, committed 19200K, reserved 1048576K
}
Event: 241.150 GC heap after
{Heap after GC invocations=109 (full 0):
 garbage-first heap   total 244736K, used 188364K [0x0000000080000000, 0x0000000100000000)
  region size 1024K, 2 young (2048K), 2 survivors (2048K)
 Metaspace       used 143544K, capacity 147188K, committed 147456K, reserved 1177600K
  class space    used 17778K, capacity 19111K, committed 19200K, reserved 1048576K
}
Event: 241.367 GC heap before
{Heap before GC invocations=109 (full 0):
 garbage-first heap   total 244736K, used 204748K [0x0000000080000000, 0x0000000100000000)
  region size 1024K, 18 young (18432K), 2 survivors (2048K)
 Metaspace       used 143676K, capacity 147252K, committed 147456K, reserved 1177600K
  class space    used 17778K, capacity 19111K, committed 19200K, reserved 1048576K
}
Event: 241.371 GC heap after
{Heap after GC invocations=110 (full 0):
 garbage-first heap   total 244736K, used 188825K [0x0000000080000000, 0x0000000100000000)
  region size 1024K, 1 young (1024K), 1 survivors (1024K)
 Metaspace       used 143676K, capacity 147252K, committed 147456K, reserved 1177600K
  class space    used 17778K, capacity 19111K, committed 19200K, reserved 1048576K
}
Event: 242.151 GC heap before
{Heap before GC invocations=111 (full 0):
 garbage-first heap   total 244736K, used 192921K [0x0000000080000000, 0x0000000100000000)
  region size 1024K, 18 young (18432K), 1 survivors (1024K)
 Metaspace       used 144196K, capacity 147790K, committed 147968K, reserved 1177600K
  class space    used 17818K, capacity 19141K, committed 19200K, reserved 1048576K
}
Event: 242.154 GC heap after
{Heap after GC invocations=112 (full 0):
 garbage-first heap   total 244736K, used 178157K [0x0000000080000000, 0x0000000100000000)
  region size 1024K, 3 young (3072K), 3 survivors (3072K)
 Metaspace       used 144196K, capacity 147790K, committed 147968K, reserved 1177600K
  class space    used 17818K, capacity 19141K, committed 19200K, reserved 1048576K
}
Event: 242.494 GC heap before
{Heap before GC invocations=112 (full 0):
 garbage-first heap   total 244736K, used 186349K [0x0000000080000000, 0x0000000100000000)
  region size 1024K, 11 young (11264K), 3 survivors (3072K)
 Metaspace       used 144385K, capacity 147950K, committed 148224K, reserved 1177600K
  class space    used 17833K, capacity 19173K, committed 19200K, reserved 1048576K
}
Event: 242.501 GC heap after
{Heap after GC invocations=113 (full 0):
 garbage-first heap   total 244736K, used 159092K [0x0000000080000000, 0x0000000100000000)
  region size 1024K, 2 young (2048K), 2 survivors (2048K)
 Metaspace       used 144385K, capacity 147950K, committed 148224K, reserved 1177600K
  class space    used 17833K, capacity 19173K, committed 19200K, reserved 1048576K
}
Event: 244.785 GC heap before
{Heap before GC invocations=113 (full 0):
 garbage-first heap   total 244736K, used 188787K [0x0000000080000000, 0x0000000100000000)
  region size 1024K, 32 young (32768K), 2 survivors (2048K)
 Metaspace       used 145037K, capacity 148702K, committed 148864K, reserved 1179648K
  class space    used 17886K, capacity 19208K, committed 19328K, reserved 1048576K
}
Event: 244.791 GC heap after
{Heap after GC invocations=114 (full 0):
 garbage-first heap   total 244736K, used 157970K [0x0000000080000000, 0x0000000100000000)
  region size 1024K, 1 young (1024K), 1 survivors (1024K)
 Metaspace       used 145037K, capacity 148702K, committed 148864K, reserved 1179648K
  class space    used 17886K, capacity 19208K, committed 19328K, reserved 1048576K
}
Event: 247.122 GC heap before
{Heap before GC invocations=115 (full 0):
 garbage-first heap   total 244736K, used 190738K [0x0000000080000000, 0x0000000100000000)
  region size 1024K, 34 young (34816K), 1 survivors (1024K)
 Metaspace       used 146839K, capacity 150446K, committed 150528K, reserved 1179648K
  class space    used 18110K, capacity 19446K, committed 19456K, reserved 1048576K
}
Event: 247.149 GC heap after
{Heap after GC invocations=116 (full 0):
 garbage-first heap   total 244736K, used 158405K [0x0000000080000000, 0x0000000100000000)
  region size 1024K, 2 young (2048K), 2 survivors (2048K)
 Metaspace       used 146839K, capacity 150446K, committed 150528K, reserved 1179648K
  class space    used 18110K, capacity 19446K, committed 19456K, reserved 1048576K
}
Event: 247.434 GC heap before
{Heap before GC invocations=116 (full 0):
 garbage-first heap   total 244736K, used 167621K [0x0000000080000000, 0x0000000100000000)
  region size 1024K, 11 young (11264K), 2 survivors (2048K)
 Metaspace       used 147481K, capacity 151118K, committed 151168K, reserved 1181696K
  class space    used 18202K, capacity 19542K, committed 19584K, reserved 1048576K
}
Event: 247.439 GC heap after
{Heap after GC invocations=117 (full 0):
 garbage-first heap   total 244736K, used 155770K [0x0000000080000000, 0x0000000100000000)
  region size 1024K, 2 young (2048K), 2 survivors (2048K)
 Metaspace       used 147481K, capacity 151118K, committed 151168K, reserved 1181696K
  class space    used 18202K, capacity 19542K, committed 19584K, reserved 1048576K
}
Event: 249.675 GC heap before
{Heap before GC invocations=117 (full 0):
 garbage-first heap   total 244736K, used 191610K [0x0000000080000000, 0x0000000100000000)
  region size 1024K, 38 young (38912K), 2 survivors (2048K)
 Metaspace       used 149336K, capacity 152991K, committed 153216K, reserved 1183744K
  class space    used 18414K, capacity 19739K, committed 19840K, reserved 1048576K
}
Event: 249.694 GC heap after
{Heap after GC invocations=118 (full 0):
 garbage-first heap   total 244736K, used 158602K [0x0000000080000000, 0x0000000100000000)
  region size 1024K, 4 young (4096K), 4 survivors (4096K)
 Metaspace       used 149336K, capacity 152991K, committed 153216K, reserved 1183744K
  class space    used 18414K, capacity 19739K, committed 19840K, reserved 1048576K
}
Event: 250.864 GC heap before
{Heap before GC invocations=119 (full 0):
 garbage-first heap   total 244736K, used 195466K [0x0000000080000000, 0x0000000100000000)
  region size 1024K, 41 young (41984K), 4 survivors (4096K)
 Metaspace       used 150301K, capacity 153986K, committed 154112K, reserved 1183744K
  class space    used 18536K, capacity 19898K, committed 19968K, reserved 1048576K
}
Event: 250.877 GC heap after
{Heap after GC invocations=120 (full 0):
 garbage-first heap   total 244736K, used 161119K [0x0000000080000000, 0x0000000100000000)
  region size 1024K, 6 young (6144K), 6 survivors (6144K)
 Metaspace       used 150301K, capacity 153986K, committed 154112K, reserved 1183744K
  class space    used 18536K, capacity 19898K, committed 19968K, reserved 1048576K
}
Event: 250.953 GC heap before
{Heap before GC invocations=120 (full 0):
 garbage-first heap   total 244736K, used 166239K [0x0000000080000000, 0x0000000100000000)
  region size 1024K, 11 young (11264K), 6 survivors (6144K)
 Metaspace       used 150344K, capacity 153991K, committed 154112K, reserved 1183744K
  class space    used 18541K, capacity 19898K, committed 19968K, reserved 1048576K
}
Event: 250.967 GC heap after
{Heap after GC invocations=121 (full 0):
 garbage-first heap   total 244736K, used 155052K [0x0000000080000000, 0x0000000100000000)
  region size 1024K, 2 young (2048K), 2 survivors (2048K)
 Metaspace       used 150344K, capacity 153991K, committed 154112K, reserved 1183744K
  class space    used 18541K, capacity 19898K, committed 19968K, reserved 1048576K
}

