# JRE version: OpenJDK Runtime Environment (11.0.11+9) (build 11.0.11+9-b60-7590822)
# Java VM: OpenJDK 64-Bit Server VM (11.0.11+9-b60-7590822, mixed mode, tiered, compressed oops, g1 gc, windows-amd64)
Heap:
 garbage-first heap   total 131072K, used 58534K [0x0000000080000000, 0x0000000100000000)
  region size 1024K, 26 young (26624K), 10 survivors (10240K)
 Metaspace       used 50734K, capacity 52021K, committed 52300K, reserved 1095680K
  class space    used 6467K, capacity 6961K, committed 6988K, reserved 1048576K
GC Heap History (16 events):
Event: 1.904 GC heap before
{Heap before GC invocations=0 (full 0):
 garbage-first heap   total 131072K, used 29696K [0x0000000080000000, 0x0000000100000000)
  region size 1024K, 24 young (24576K), 0 survivors (0K)
 Metaspace       used 9861K, capacity 10054K, committed 10112K, reserved 1058816K
  class space    used 1028K, capacity 1102K, committed 1152K, reserved 1048576K
}
Event: 1.912 GC heap after
{Heap after GC invocations=1 (full 0):
 garbage-first heap   total 131072K, used 9007K [0x0000000080000000, 0x0000000100000000)
  region size 1024K, 3 young (3072K), 3 survivors (3072K)
 Metaspace       used 9861K, capacity 10054K, committed 10112K, reserved 1058816K
  class space    used 1028K, capacity 1102K, committed 1152K, reserved 1048576K
}
Event: 2.862 GC heap before
{Heap before GC invocations=1 (full 0):
 garbage-first heap   total 131072K, used 56111K [0x0000000080000000, 0x0000000100000000)
  region size 1024K, 49 young (50176K), 3 survivors (3072K)
 Metaspace       used 11212K, capacity 11513K, committed 11648K, reserved 1058816K
  class space    used 1214K, capacity 1311K, committed 1408K, reserved 1048576K
}
Event: 2.868 GC heap after
{Heap after GC invocations=2 (full 0):
 garbage-first heap   total 131072K, used 13893K [0x0000000080000000, 0x0000000100000000)
  region size 1024K, 7 young (7168K), 7 survivors (7168K)
 Metaspace       used 11212K, capacity 11513K, committed 11648K, reserved 1058816K
  class space    used 1214K, capacity 1311K, committed 1408K, reserved 1048576K
}
Event: 5.289 GC heap before
{Heap before GC invocations=2 (full 0):
 garbage-first heap   total 131072K, used 65093K [0x0000000080000000, 0x0000000100000000)
  region size 1024K, 58 young (59392K), 7 survivors (7168K)
 Metaspace       used 20719K, capacity 21079K, committed 21248K, reserved 1067008K
  class space    used 2542K, capacity 2693K, committed 2816K, reserved 1048576K
}
Event: 5.311 GC heap after
{Heap after GC invocations=3 (full 0):
 garbage-first heap   total 131072K, used 17207K [0x0000000080000000, 0x0000000100000000)
  region size 1024K, 8 young (8192K), 8 survivors (8192K)
 Metaspace       used 20719K, capacity 21079K, committed 21248K, reserved 1067008K
  class space    used 2542K, capacity 2693K, committed 2816K, reserved 1048576K
}
Event: 6.487 GC heap before
{Heap before GC invocations=4 (full 0):
 garbage-first heap   total 131072K, used 77623K [0x0000000080000000, 0x0000000100000000)
  region size 1024K, 67 young (68608K), 8 survivors (8192K)
 Metaspace       used 26574K, capacity 27175K, committed 27264K, reserved 1073152K
  class space    used 3490K, capacity 3690K, committed 3712K, reserved 1048576K
}
Event: 6.493 GC heap after
{Heap after GC invocations=5 (full 0):
 garbage-first heap   total 131072K, used 19356K [0x0000000080000000, 0x0000000100000000)
  region size 1024K, 6 young (6144K), 6 survivors (6144K)
 Metaspace       used 26574K, capacity 27175K, committed 27264K, reserved 1073152K
  class space    used 3490K, capacity 3690K, committed 3712K, reserved 1048576K
}
Event: 7.865 GC heap before
{Heap before GC invocations=5 (full 0):
 garbage-first heap   total 131072K, used 72604K [0x0000000080000000, 0x0000000100000000)
  region size 1024K, 59 young (60416K), 6 survivors (6144K)
 Metaspace       used 35061K, capacity 35790K, committed 35840K, reserved 1081344K
  class space    used 4552K, capacity 4863K, committed 4864K, reserved 1048576K
}
Event: 7.877 GC heap after
{Heap after GC invocations=6 (full 0):
 garbage-first heap   total 131072K, used 22761K [0x0000000080000000, 0x0000000100000000)
  region size 1024K, 9 young (9216K), 9 survivors (9216K)
 Metaspace       used 35061K, capacity 35790K, committed 35840K, reserved 1081344K
  class space    used 4552K, capacity 4863K, committed 4864K, reserved 1048576K
}
Event: 8.992 GC heap before
{Heap before GC invocations=7 (full 0):
 garbage-first heap   total 131072K, used 93417K [0x0000000080000000, 0x0000000100000000)
  region size 1024K, 76 young (77824K), 9 survivors (9216K)
 Metaspace       used 40196K, capacity 41155K, committed 41420K, reserved 1085440K
  class space    used 5130K, capacity 5473K, committed 5580K, reserved 1048576K
}
Event: 9.006 GC heap after
{Heap after GC invocations=8 (full 0):
 garbage-first heap   total 131072K, used 27992K [0x0000000080000000, 0x0000000100000000)
  region size 1024K, 9 young (9216K), 9 survivors (9216K)
 Metaspace       used 40196K, capacity 41155K, committed 41420K, reserved 1085440K
  class space    used 5130K, capacity 5473K, committed 5580K, reserved 1048576K
}
Event: 9.838 GC heap before
{Heap before GC invocations=8 (full 0):
 garbage-first heap   total 131072K, used 97624K [0x0000000080000000, 0x0000000100000000)
  region size 1024K, 76 young (77824K), 9 survivors (9216K)
 Metaspace       used 45909K, capacity 47004K, committed 47052K, reserved 1089536K
  class space    used 5891K, capacity 6326K, committed 6348K, reserved 1048576K
}
Event: 9.847 GC heap after
{Heap after GC invocations=9 (full 0):
 garbage-first heap   total 131072K, used 29826K [0x0000000080000000, 0x0000000100000000)
  region size 1024K, 7 young (7168K), 7 survivors (7168K)
 Metaspace       used 45909K, capacity 47004K, committed 47052K, reserved 1089536K
  class space    used 5891K, capacity 6326K, committed 6348K, reserved 1048576K
}
Event: 11.526 GC heap before
{Heap before GC invocations=9 (full 0):
 garbage-first heap   total 131072K, used 103554K [0x0000000080000000, 0x0000000100000000)
  region size 1024K, 75 young (76800K), 7 survivors (7168K)
 Metaspace       used 48741K, capacity 50040K, committed 50380K, reserved 1093632K
  class space    used 6224K, capacity 6726K, committed 6860K, reserved 1048576K
}
Event: 11.536 GC heap after
{Heap after GC invocations=10 (full 0):
 garbage-first heap   total 131072K, used 43174K [0x0000000080000000, 0x0000000100000000)
  region size 1024K, 10 young (10240K), 10 survivors (10240K)
 Metaspace       used 48741K, capacity 50040K, committed 50380K, reserved 1093632K
  class space    used 6224K, capacity 6726K, committed 6860K, reserved 1048576K
}

